<?xml version="1.0" encoding="UTF-8"?>
<!-- Generated by org.testng.reporters.JUnitReportReporter -->
<testsuite skipped="0" hostname="LAPTOP-8PV5OBQH" name="Tests.loginpage" tests="5" failures="0" timestamp="2022-01-18T11:25:39 IST" time="272.561" errors="0">
  <testcase name="loginpages" time="53.559" classname="Tests.loginpage"/>
  <system-out/>
  <testcase name="loginpages" time="57.274" classname="Tests.loginpage"/>
  <system-out/>
  <testcase name="loginpages" time="62.939" classname="Tests.loginpage"/>
  <system-out/>
  <testcase name="loginpages" time="49.006" classname="Tests.loginpage"/>
  <system-out/>
  <testcase name="loginpages" time="49.783" classname="Tests.loginpage"/>
  <system-out/>
</testsuite> <!-- Tests.loginpage -->
